shell-init: error retrieving current directory: getcwd: cannot access parent directories: Operation not permitted
/bin/bash: RD.sh: Operation not permitted
shell-init: error retrieving current directory: getcwd: cannot access parent directories: Operation not permitted
/bin/bash: RD.sh: Operation not permitted
shell-init: error retrieving current directory: getcwd: cannot access parent directories: Operation not permitted
/bin/bash: RD.sh: Operation not permitted
shell-init: error retrieving current directory: getcwd: cannot access parent directories: Operation not permitted
/bin/bash: RD.sh: Operation not permitted
shell-init: error retrieving current directory: getcwd: cannot access parent directories: Operation not permitted
/bin/bash: RD.sh: Operation not permitted
shell-init: error retrieving current directory: getcwd: cannot access parent directories: Operation not permitted
/bin/bash: RD.sh: Operation not permitted
shell-init: error retrieving current directory: getcwd: cannot access parent directories: Operation not permitted
/bin/bash: RD.sh: Operation not permitted
shell-init: error retrieving current directory: getcwd: cannot access parent directories: Operation not permitted
/bin/bash: RD.sh: Operation not permitted
shell-init: error retrieving current directory: getcwd: cannot access parent directories: Operation not permitted
/bin/bash: RD.sh: Operation not permitted
shell-init: error retrieving current directory: getcwd: cannot access parent directories: Operation not permitted
/bin/bash: RD.sh: Operation not permitted
shell-init: error retrieving current directory: getcwd: cannot access parent directories: Operation not permitted
/bin/bash: RD.sh: Operation not permitted
shell-init: error retrieving current directory: getcwd: cannot access parent directories: Operation not permitted
/bin/bash: RD.sh: Operation not permitted
shell-init: error retrieving current directory: getcwd: cannot access parent directories: Operation not permitted
/bin/bash: RD.sh: Operation not permitted
shell-init: error retrieving current directory: getcwd: cannot access parent directories: Operation not permitted
/bin/bash: RD.sh: Operation not permitted
shell-init: error retrieving current directory: getcwd: cannot access parent directories: Operation not permitted
/bin/bash: RD.sh: Operation not permitted
shell-init: error retrieving current directory: getcwd: cannot access parent directories: Operation not permitted
/bin/bash: RD.sh: Operation not permitted
shell-init: error retrieving current directory: getcwd: cannot access parent directories: Operation not permitted
/bin/bash: RD.sh: Operation not permitted
shell-init: error retrieving current directory: getcwd: cannot access parent directories: Operation not permitted
/bin/bash: RD.sh: Operation not permitted
shell-init: error retrieving current directory: getcwd: cannot access parent directories: Operation not permitted
/bin/bash: RD.sh: Operation not permitted
shell-init: error retrieving current directory: getcwd: cannot access parent directories: Operation not permitted
/bin/bash: RD.sh: Operation not permitted
shell-init: error retrieving current directory: getcwd: cannot access parent directories: Operation not permitted
/bin/bash: RD.sh: Operation not permitted
shell-init: error retrieving current directory: getcwd: cannot access parent directories: Operation not permitted
/bin/bash: RD.sh: Operation not permitted
shell-init: error retrieving current directory: getcwd: cannot access parent directories: Operation not permitted
/bin/bash: RD.sh: Operation not permitted
shell-init: error retrieving current directory: getcwd: cannot access parent directories: Operation not permitted
/bin/bash: RD.sh: Operation not permitted
shell-init: error retrieving current directory: getcwd: cannot access parent directories: Operation not permitted
/bin/bash: RD.sh: Operation not permitted
shell-init: error retrieving current directory: getcwd: cannot access parent directories: Operation not permitted
/bin/bash: RD.sh: Operation not permitted
shell-init: error retrieving current directory: getcwd: cannot access parent directories: Operation not permitted
/bin/bash: RD.sh: Operation not permitted
shell-init: error retrieving current directory: getcwd: cannot access parent directories: Operation not permitted
/bin/bash: RD.sh: Operation not permitted
shell-init: error retrieving current directory: getcwd: cannot access parent directories: Operation not permitted
/bin/bash: RD.sh: Operation not permitted
shell-init: error retrieving current directory: getcwd: cannot access parent directories: Operation not permitted
/bin/bash: RD.sh: Operation not permitted
shell-init: error retrieving current directory: getcwd: cannot access parent directories: Operation not permitted
/bin/bash: RD.sh: Operation not permitted
shell-init: error retrieving current directory: getcwd: cannot access parent directories: Operation not permitted
/bin/bash: RD.sh: Operation not permitted
shell-init: error retrieving current directory: getcwd: cannot access parent directories: Operation not permitted
/bin/bash: RD.sh: Operation not permitted
shell-init: error retrieving current directory: getcwd: cannot access parent directories: Operation not permitted
/bin/bash: RD.sh: Operation not permitted
shell-init: error retrieving current directory: getcwd: cannot access parent directories: Operation not permitted
/bin/bash: RD.sh: Operation not permitted
shell-init: error retrieving current directory: getcwd: cannot access parent directories: Operation not permitted
/bin/bash: RD.sh: Operation not permitted
shell-init: error retrieving current directory: getcwd: cannot access parent directories: Operation not permitted
/bin/bash: RD.sh: Operation not permitted
shell-init: error retrieving current directory: getcwd: cannot access parent directories: Operation not permitted
/bin/bash: RD.sh: Operation not permitted
shell-init: error retrieving current directory: getcwd: cannot access parent directories: Operation not permitted
/bin/bash: RD.sh: Operation not permitted
shell-init: error retrieving current directory: getcwd: cannot access parent directories: Operation not permitted
/bin/bash: RD.sh: Operation not permitted
shell-init: error retrieving current directory: getcwd: cannot access parent directories: Operation not permitted
/bin/bash: RD.sh: Operation not permitted
shell-init: error retrieving current directory: getcwd: cannot access parent directories: Operation not permitted
/bin/bash: RD.sh: Operation not permitted
shell-init: error retrieving current directory: getcwd: cannot access parent directories: Operation not permitted
/bin/bash: RD.sh: Operation not permitted
shell-init: error retrieving current directory: getcwd: cannot access parent directories: Operation not permitted
/bin/bash: RD.sh: Operation not permitted
shell-init: error retrieving current directory: getcwd: cannot access parent directories: Operation not permitted
/bin/bash: RD.sh: Operation not permitted
shell-init: error retrieving current directory: getcwd: cannot access parent directories: Operation not permitted
/bin/bash: RD.sh: Operation not permitted
shell-init: error retrieving current directory: getcwd: cannot access parent directories: Operation not permitted
/bin/bash: RD.sh: Operation not permitted
shell-init: error retrieving current directory: getcwd: cannot access parent directories: Operation not permitted
/bin/bash: RD.sh: Operation not permitted
shell-init: error retrieving current directory: getcwd: cannot access parent directories: Operation not permitted
/bin/bash: RD.sh: Operation not permitted
shell-init: error retrieving current directory: getcwd: cannot access parent directories: Operation not permitted
/bin/bash: RD.sh: Operation not permitted
shell-init: error retrieving current directory: getcwd: cannot access parent directories: Operation not permitted
/bin/bash: RD.sh: Operation not permitted
shell-init: error retrieving current directory: getcwd: cannot access parent directories: Operation not permitted
/bin/bash: RD.sh: Operation not permitted
shell-init: error retrieving current directory: getcwd: cannot access parent directories: Operation not permitted
/bin/bash: RD.sh: Operation not permitted
shell-init: error retrieving current directory: getcwd: cannot access parent directories: Operation not permitted
/bin/bash: RD.sh: Operation not permitted
shell-init: error retrieving current directory: getcwd: cannot access parent directories: Operation not permitted
/bin/bash: RD.sh: Operation not permitted
shell-init: error retrieving current directory: getcwd: cannot access parent directories: Operation not permitted
/bin/bash: RD.sh: Operation not permitted
shell-init: error retrieving current directory: getcwd: cannot access parent directories: Operation not permitted
/bin/bash: RD.sh: Operation not permitted
shell-init: error retrieving current directory: getcwd: cannot access parent directories: Operation not permitted
/bin/bash: RD.sh: Operation not permitted
shell-init: error retrieving current directory: getcwd: cannot access parent directories: Operation not permitted
/bin/bash: RD.sh: Operation not permitted
shell-init: error retrieving current directory: getcwd: cannot access parent directories: Operation not permitted
/bin/bash: RD.sh: Operation not permitted
shell-init: error retrieving current directory: getcwd: cannot access parent directories: Operation not permitted
/bin/bash: RD.sh: Operation not permitted
shell-init: error retrieving current directory: getcwd: cannot access parent directories: Operation not permitted
/bin/bash: RD.sh: Operation not permitted
shell-init: error retrieving current directory: getcwd: cannot access parent directories: Operation not permitted
/bin/bash: RD.sh: Operation not permitted
shell-init: error retrieving current directory: getcwd: cannot access parent directories: Operation not permitted
/bin/bash: RD.sh: Operation not permitted
shell-init: error retrieving current directory: getcwd: cannot access parent directories: Operation not permitted
/bin/bash: RD.sh: Operation not permitted
shell-init: error retrieving current directory: getcwd: cannot access parent directories: Operation not permitted
/bin/bash: RD.sh: Operation not permitted
shell-init: error retrieving current directory: getcwd: cannot access parent directories: Operation not permitted
sh: ./RD.sh: Operation not permitted
shell-init: error retrieving current directory: getcwd: cannot access parent directories: Operation not permitted
sh: ./RD.sh: Operation not permitted
shell-init: error retrieving current directory: getcwd: cannot access parent directories: Operation not permitted
/bin/bash: RD.sh: Operation not permitted
shell-init: error retrieving current directory: getcwd: cannot access parent directories: Operation not permitted
/bin/bash: /RD.sh: No such file or directory
/Users/blake/Desktop/MVP/PopCorn/RD.sh:2
#!/usr/bin/env bash
^

SyntaxError: Invalid or unexpected token
    at wrapSafe (internal/modules/cjs/loader.js:931:16)
    at Module._compile (internal/modules/cjs/loader.js:979:27)
    at Object.Module._extensions..js (internal/modules/cjs/loader.js:1035:10)
    at Module.load (internal/modules/cjs/loader.js:879:32)
    at Function.Module._load (internal/modules/cjs/loader.js:724:14)
    at Function.executeUserEntryPoint [as runMain] (internal/modules/run_main.js:60:12)
    at internal/main/run_main_module.js:17:47
/Users/blake/Desktop/MVP/PopCorn/RD.sh:2
#!/usr/bin/env bash
^

SyntaxError: Invalid or unexpected token
    at wrapSafe (internal/modules/cjs/loader.js:931:16)
    at Module._compile (internal/modules/cjs/loader.js:979:27)
    at Object.Module._extensions..js (internal/modules/cjs/loader.js:1035:10)
    at Module.load (internal/modules/cjs/loader.js:879:32)
    at Function.Module._load (internal/modules/cjs/loader.js:724:14)
    at Function.executeUserEntryPoint [as runMain] (internal/modules/run_main.js:60:12)
    at internal/main/run_main_module.js:17:47
/Users/blake/Desktop/MVP/PopCorn/RD.sh:2
#!/usr/bin/env bash
^

SyntaxError: Invalid or unexpected token
    at wrapSafe (internal/modules/cjs/loader.js:931:16)
    at Module._compile (internal/modules/cjs/loader.js:979:27)
    at Object.Module._extensions..js (internal/modules/cjs/loader.js:1035:10)
    at Module.load (internal/modules/cjs/loader.js:879:32)
    at Function.Module._load (internal/modules/cjs/loader.js:724:14)
    at Function.executeUserEntryPoint [as runMain] (internal/modules/run_main.js:60:12)
    at internal/main/run_main_module.js:17:47
/bin/bash: /Users/blake/Desktop/MVP/PopCorn/RD.sh: Operation not permitted
sudo: a terminal is required to read the password; either use the -S option to read from standard input or configure an askpass helper
sudo: a password is required
sudo: a terminal is required to read the password; either use the -S option to read from standard input or configure an askpass helper
sudo: a password is required
sudo: a terminal is required to read the password; either use the -S option to read from standard input or configure an askpass helper
sudo: a password is required
sudo: a terminal is required to read the password; either use the -S option to read from standard input or configure an askpass helper
sudo: a password is required
sudo: a terminal is required to read the password; either use the -S option to read from standard input or configure an askpass helper
sudo: a password is required
sudo: a terminal is required to read the password; either use the -S option to read from standard input or configure an askpass helper
sudo: a password is required
sudo: a terminal is required to read the password; either use the -S option to read from standard input or configure an askpass helper
sudo: a password is required
sh: /Users/blake/Desktop/MVP/PopCorn/RD.sh: Operation not permitted
sh: /Users/blake/Desktop/MVP/PopCorn/RD.sh: Operation not permitted
sh: /Users/blake/Desktop/MVP/PopCorn/RD.sh: Operation not permitted
sh: /Users/blake/Desktop/MVP/PopCorn/RD.sh: Operation not permitted
sh: /Users/blake/Desktop/MVP/PopCorn/RD.sh: Operation not permitted
sh: /Users/blake/Desktop/MVP/PopCorn/RD.sh: Operation not permitted
/bin/bash: /Users/blake/Desktop/MVP/PopCorn/RD.sh: Operation not permitted
sh: /Users/blake/Desktop/MVP/PopCorn/RD.sh: Operation not permitted
sh: /Users/blake/Desktop/MVP/PopCorn/RD.sh: Operation not permitted
sh: /Users/blake/Desktop/MVP/PopCorn/RD.sh: Operation not permitted
sh: /Users/blake/Desktop/MVP/PopCorn/RD.sh: Operation not permitted
sh: /Users/blake/Desktop/MVP/PopCorn/RD.sh: Operation not permitted
sh: /Users/blake/Desktop/MVP/PopCorn/RD.sh: Operation not permitted
sh: /Users/blake/Desktop/MVP/PopCorn/RD.sh: Operation not permitted
sh: /Users/blake/Desktop/MVP/PopCorn/RD.sh: Operation not permitted
sh: /Users/blake/Desktop/MVP/PopCorn/RD.sh: Operation not permitted
sh: /Users/blake/Desktop/MVP/PopCorn/RD.sh: Operation not permitted
sh: /Users/blake/Desktop/MVP/PopCorn/RD.sh: Operation not permitted
sh: /Users/blake/Desktop/MVP/PopCorn/RD.sh: Operation not permitted
sh: /Users/blake/Desktop/MVP/PopCorn/RD.sh: Operation not permitted
sh: /Users/blake/Desktop/MVP/PopCorn/RD.sh: Operation not permitted
sh: /Users/blake/Desktop/MVP/PopCorn/RD.sh: Operation not permitted
sh: /Users/blake/Desktop/MVP/PopCorn/RD.sh: Operation not permitted
sh: /Users/blake/Desktop/MVP/PopCorn/RD.sh: Operation not permitted
sh: /Users/blake/Desktop/MVP/PopCorn/RD.sh: Operation not permitted
sh: /Users/blake/Desktop/MVP/PopCorn/RD.sh: Operation not permitted
sh: /Users/blake/Desktop/MVP/PopCorn/RD.sh: Operation not permitted
sh: /Users/blake/Desktop/MVP/PopCorn/RD.sh: Operation not permitted
sh: /Users/blake/Desktop/MVP/PopCorn/RD.sh: Operation not permitted
sh: /Users/blake/Desktop/MVP/PopCorn/RD.sh: Operation not permitted
sh: /Users/blake/Desktop/MVP/PopCorn/RD.sh: Operation not permitted
sh: /Users/blake/Desktop/MVP/PopCorn/RD.sh: Operation not permitted
sh: /Users/blake/Desktop/MVP/PopCorn/RD.sh: Operation not permitted
sh: /Users/blake/Desktop/MVP/PopCorn/RD.sh: Operation not permitted
sh: /Users/blake/Desktop/MVP/PopCorn/RD.sh: Operation not permitted
sh: /Users/blake/Desktop/MVP/PopCorn/RD.sh: Operation not permitted
sh: /Users/blake/Desktop/MVP/PopCorn/RD.sh: Operation not permitted
sh: /Users/blake/Desktop/MVP/PopCorn/RD.sh: Operation not permitted
sh: /Users/blake/Desktop/MVP/PopCorn/RD.sh: Operation not permitted
sh: /Users/blake/Desktop/MVP/PopCorn/RD.sh: Operation not permitted
sh: /Users/blake/Desktop/MVP/PopCorn/RD.sh: Operation not permitted
sh: /Users/blake/Desktop/MVP/PopCorn/RD.sh: Operation not permitted
sh: /Users/blake/Desktop/MVP/PopCorn/RD.sh: Operation not permitted
sh: /Users/blake/Desktop/MVP/PopCorn/RD.sh: Operation not permitted
sh: /Users/blake/Desktop/MVP/PopCorn/RD.sh: Operation not permitted
sh: /Users/blake/Desktop/MVP/PopCorn/RD.sh: Operation not permitted
sh: /Users/blake/Desktop/MVP/PopCorn/RD.sh: Operation not permitted
sh: /Users/blake/Desktop/MVP/PopCorn/RD.sh: Operation not permitted
sh: /Users/blake/Desktop/MVP/PopCorn/RD.sh: Operation not permitted
sh: /Users/blake/Desktop/MVP/PopCorn/RD.sh: Operation not permitted
sh: /Users/blake/Desktop/MVP/PopCorn/RD.sh: Operation not permitted
sh: /Users/blake/Desktop/MVP/PopCorn/RD.sh: Operation not permitted
sh: /Users/blake/Desktop/MVP/PopCorn/RD.sh: Operation not permitted
sh: /Users/blake/Desktop/MVP/PopCorn/RD.sh: Operation not permitted
sh: /Users/blake/Desktop/MVP/PopCorn/RD.sh: Operation not permitted
sh: /Users/blake/Desktop/MVP/PopCorn/RD.sh: Operation not permitted
sh: /Users/blake/Desktop/MVP/PopCorn/RD.sh: Operation not permitted
sh: /Users/blake/Desktop/MVP/PopCorn/RD.sh: Operation not permitted
sh: /Users/blake/Desktop/MVP/PopCorn/RD.sh: Operation not permitted
sh: /Users/blake/Desktop/MVP/PopCorn/RD.sh: Operation not permitted
sh: /Users/blake/Desktop/MVP/PopCorn/RD.sh: Operation not permitted
sh: /Users/blake/Desktop/MVP/PopCorn/RD.sh: Operation not permitted
sh: /Users/blake/Desktop/MVP/PopCorn/RD.sh: Operation not permitted
sh: /Users/blake/Desktop/MVP/PopCorn/RD.sh: Operation not permitted
sh: /Users/blake/Desktop/MVP/PopCorn/RD.sh: Operation not permitted
sh: /Users/blake/Desktop/MVP/PopCorn/RD.sh: Operation not permitted
sh: /Users/blake/Desktop/MVP/PopCorn/RD.sh: Operation not permitted
sh: /Users/blake/Desktop/MVP/PopCorn/RD.sh: Operation not permitted
sh: /Users/blake/Desktop/MVP/PopCorn/RD.sh: Operation not permitted
sh: /Users/blake/Desktop/MVP/PopCorn/RD.sh: Operation not permitted
sh: /Users/blake/Desktop/MVP/PopCorn/RD.sh: Operation not permitted
sh: /Users/blake/Desktop/MVP/PopCorn/RD.sh: Operation not permitted
sh: /Users/blake/Desktop/MVP/PopCorn/RD.sh: Operation not permitted
sh: /Users/blake/Desktop/MVP/PopCorn/RD.sh: Operation not permitted
sh: /Users/blake/Desktop/MVP/PopCorn/RD.sh: Operation not permitted
sh: /Users/blake/Desktop/MVP/PopCorn/RD.sh: Operation not permitted
sh: /Users/blake/Desktop/MVP/PopCorn/RD.sh: Operation not permitted
sh: /Users/blake/Desktop/MVP/PopCorn/RD.sh: Operation not permitted
sh: /Users/blake/Desktop/MVP/PopCorn/RD.sh: Operation not permitted
sh: /Users/blake/Desktop/MVP/PopCorn/RD.sh: Operation not permitted
sh: /Users/blake/Desktop/MVP/PopCorn/RD.sh: Operation not permitted
sh: /Users/blake/Desktop/MVP/PopCorn/RD.sh: Operation not permitted
sh: /Users/blake/Desktop/MVP/PopCorn/RD.sh: Operation not permitted
sh: /Users/blake/Desktop/MVP/PopCorn/RD.sh: Operation not permitted
sh: /Users/blake/Desktop/MVP/PopCorn/RD.sh: Operation not permitted
sh: /Users/blake/Desktop/MVP/PopCorn/RD.sh: Operation not permitted
sh: /Users/blake/Desktop/MVP/PopCorn/RD.sh: Operation not permitted
sh: /Users/blake/Desktop/MVP/PopCorn/RD.sh: Operation not permitted
sh: /Users/blake/Desktop/MVP/PopCorn/RD.sh: Operation not permitted
sh: /Users/blake/Desktop/MVP/PopCorn/RD.sh: Operation not permitted
sh: /Users/blake/Desktop/MVP/PopCorn/RD.sh: Operation not permitted
sh: /Users/blake/Desktop/MVP/PopCorn/RD.sh: Operation not permitted
sh: /Users/blake/Desktop/MVP/PopCorn/RD.sh: Operation not permitted
sh: /Users/blake/Desktop/MVP/PopCorn/RD.sh: Operation not permitted
sh: /Users/blake/Desktop/MVP/PopCorn/RD.sh: Operation not permitted
sh: /Users/blake/Desktop/MVP/PopCorn/RD.sh: Operation not permitted
sh: /Users/blake/Desktop/MVP/PopCorn/RD.sh: Operation not permitted
sh: /Users/blake/Desktop/MVP/PopCorn/RD.sh: Operation not permitted
sh: /Users/blake/Desktop/MVP/PopCorn/RD.sh: Operation not permitted
sh: /Users/blake/Desktop/MVP/PopCorn/RD.sh: Operation not permitted
sh: /Users/blake/Desktop/MVP/PopCorn/RD.sh: Operation not permitted
sh: /Users/blake/Desktop/MVP/PopCorn/RD.sh: Operation not permitted
sh: /Users/blake/Desktop/MVP/PopCorn/RD.sh: Operation not permitted
sh: /Users/blake/Desktop/MVP/PopCorn/RD.sh: Operation not permitted
sh: /Users/blake/Desktop/MVP/PopCorn/RD.sh: Operation not permitted
sh: /Users/blake/Desktop/MVP/PopCorn/RD.sh: Operation not permitted
sh: /Users/blake/Desktop/MVP/PopCorn/RD.sh: Operation not permitted
sh: /Users/blake/Desktop/MVP/PopCorn/RD.sh: Operation not permitted
sh: /Users/blake/Desktop/MVP/PopCorn/RD.sh: Operation not permitted
sh: /Users/blake/Desktop/MVP/PopCorn/RD.sh: Operation not permitted
sh: /Users/blake/Desktop/MVP/PopCorn/RD.sh: Operation not permitted
sh: /Users/blake/Desktop/MVP/PopCorn/RD.sh: Operation not permitted
sh: /Users/blake/Desktop/MVP/PopCorn/RD.sh: Operation not permitted
sh: /Users/blake/Desktop/MVP/PopCorn/RD.sh: Operation not permitted
sh: /Users/blake/Desktop/MVP/PopCorn/RD.sh: Operation not permitted
sh: /Users/blake/Desktop/MVP/PopCorn/RD.sh: Operation not permitted
sh: /Users/blake/Desktop/MVP/PopCorn/RD.sh: Operation not permitted
sh: /Users/blake/Desktop/MVP/PopCorn/RD.sh: Operation not permitted
sh: /Users/blake/Desktop/MVP/PopCorn/RD.sh: Operation not permitted
sh: /Users/blake/Desktop/MVP/PopCorn/RD.sh: Operation not permitted
sh: /Users/blake/Desktop/MVP/PopCorn/RD.sh: Operation not permitted
sh: /Users/blake/Desktop/MVP/PopCorn/RD.sh: Operation not permitted
sh: /Users/blake/Desktop/MVP/PopCorn/RD.sh: Operation not permitted
sh: /Users/blake/Desktop/MVP/PopCorn/RD.sh: Operation not permitted
sh: /Users/blake/Desktop/MVP/PopCorn/RD.sh: Operation not permitted
sh: /Users/blake/Desktop/MVP/PopCorn/RD.sh: Operation not permitted
sh: /Users/blake/Desktop/MVP/PopCorn/RD.sh: Operation not permitted
sh: /Users/blake/Desktop/MVP/PopCorn/RD.sh: Operation not permitted
sh: /Users/blake/Desktop/MVP/PopCorn/RD.sh: Operation not permitted
sh: /Users/blake/Desktop/MVP/PopCorn/RD.sh: Operation not permitted
sh: /Users/blake/Desktop/MVP/PopCorn/RD.sh: Operation not permitted
sh: /Users/blake/Desktop/MVP/PopCorn/RD.sh: Operation not permitted
sh: /Users/blake/Desktop/MVP/PopCorn/RD.sh: Operation not permitted
sh: /Users/blake/Desktop/MVP/PopCorn/RD.sh: Operation not permitted
sh: /Users/blake/Desktop/MVP/PopCorn/RD.sh: Operation not permitted
sh: /Users/blake/Desktop/MVP/PopCorn/RD.sh: Operation not permitted
sh: /Users/blake/Desktop/MVP/PopCorn/RD.sh: Operation not permitted
sh: /Users/blake/Desktop/MVP/PopCorn/RD.sh: Operation not permitted
sh: /Users/blake/Desktop/MVP/PopCorn/RD.sh: Operation not permitted
sh: /Users/blake/Desktop/MVP/PopCorn/RD.sh: Operation not permitted
sh: /Users/blake/Desktop/MVP/PopCorn/RD.sh: Operation not permitted
sh: /Users/blake/Desktop/MVP/PopCorn/RD.sh: Operation not permitted
sh: /Users/blake/Desktop/MVP/PopCorn/RD.sh: Operation not permitted
sh: /Users/blake/Desktop/MVP/PopCorn/RD.sh: Operation not permitted
sh: /Users/blake/Desktop/MVP/PopCorn/RD.sh: Operation not permitted
sh: /Users/blake/Desktop/MVP/PopCorn/RD.sh: Operation not permitted
sh: /Users/blake/Desktop/MVP/PopCorn/RD.sh: Operation not permitted
sh: /Users/blake/Desktop/MVP/PopCorn/RD.sh: Operation not permitted
sh: /Users/blake/Desktop/MVP/PopCorn/RD.sh: Operation not permitted
sh: /Users/blake/Desktop/MVP/PopCorn/RD.sh: Operation not permitted
sh: /Users/blake/Desktop/MVP/PopCorn/RD.sh: Operation not permitted
sh: /Users/blake/Desktop/MVP/PopCorn/RD.sh: Operation not permitted
sh: /Users/blake/Desktop/MVP/PopCorn/RD.sh: Operation not permitted
sh: /Users/blake/Desktop/MVP/PopCorn/RD.sh: Operation not permitted
sh: /Users/blake/Desktop/MVP/PopCorn/RD.sh: Operation not permitted
sh: /Users/blake/Desktop/MVP/PopCorn/RD.sh: Operation not permitted
sh: /Users/blake/Desktop/MVP/PopCorn/RD.sh: Operation not permitted
sh: /Users/blake/Desktop/MVP/PopCorn/RD.sh: Operation not permitted
sh: /Users/blake/Desktop/MVP/PopCorn/RD.sh: Operation not permitted
sh: /Users/blake/Desktop/MVP/PopCorn/RD.sh: Operation not permitted
sh: /Users/blake/Desktop/MVP/PopCorn/RD.sh: Operation not permitted
sh: /Users/blake/Desktop/MVP/PopCorn/RD.sh: Operation not permitted
sh: /Users/blake/Desktop/MVP/PopCorn/RD.sh: Operation not permitted
sh: /Users/blake/Desktop/MVP/PopCorn/RD.sh: Operation not permitted
sh: /Users/blake/Desktop/MVP/PopCorn/RD.sh: Operation not permitted
sh: /Users/blake/Desktop/MVP/PopCorn/RD.sh: Operation not permitted
sh: /Users/blake/Desktop/MVP/PopCorn/RD.sh: Operation not permitted
sh: /Users/blake/Desktop/MVP/PopCorn/RD.sh: Operation not permitted
sh: /Users/blake/Desktop/MVP/PopCorn/RD.sh: Operation not permitted
sh: /Users/blake/Desktop/MVP/PopCorn/RD.sh: Operation not permitted
sh: /Users/blake/Desktop/MVP/PopCorn/RD.sh: Operation not permitted
sh: /Users/blake/Desktop/MVP/PopCorn/RD.sh: Operation not permitted
sh: /Users/blake/Desktop/MVP/PopCorn/RD.sh: Operation not permitted
sh: /Users/blake/Desktop/MVP/PopCorn/RD.sh: Operation not permitted
sh: /Users/blake/Desktop/MVP/PopCorn/RD.sh: Operation not permitted
sh: /Users/blake/Desktop/MVP/PopCorn/RD.sh: Operation not permitted
sh: /Users/blake/Desktop/MVP/PopCorn/RD.sh: Operation not permitted
sh: /Users/blake/Desktop/MVP/PopCorn/RD.sh: Operation not permitted
sh: /Users/blake/Desktop/MVP/PopCorn/RD.sh: Operation not permitted
sh: /Users/blake/Desktop/MVP/PopCorn/RD.sh: Operation not permitted
sh: /Users/blake/Desktop/MVP/PopCorn/RD.sh: Operation not permitted
sh: /Users/blake/Desktop/MVP/PopCorn/RD.sh: Operation not permitted
sh: /Users/blake/Desktop/MVP/PopCorn/RD.sh: Operation not permitted
sh: /Users/blake/Desktop/MVP/PopCorn/RD.sh: Operation not permitted
sh: /Users/blake/Desktop/MVP/PopCorn/RD.sh: Operation not permitted
sh: /Users/blake/Desktop/MVP/PopCorn/RD.sh: Operation not permitted
sh: /Users/blake/Desktop/MVP/PopCorn/RD.sh: Operation not permitted
sh: /Users/blake/Desktop/MVP/PopCorn/RD.sh: Operation not permitted
sh: /Users/blake/Desktop/MVP/PopCorn/RD.sh: Operation not permitted
sh: /Users/blake/Desktop/MVP/PopCorn/RD.sh: Operation not permitted
sh: /Users/blake/Desktop/MVP/PopCorn/RD.sh: Operation not permitted
sh: /Users/blake/Desktop/MVP/PopCorn/RD.sh: Operation not permitted
sh: /Users/blake/Desktop/MVP/PopCorn/RD.sh: Operation not permitted
sh: /Users/blake/Desktop/MVP/PopCorn/RD.sh: Operation not permitted
sh: /Users/blake/Desktop/MVP/PopCorn/RD.sh: Operation not permitted
sh: /Users/blake/Desktop/MVP/PopCorn/RD.sh: Operation not permitted
sh: /Users/blake/Desktop/MVP/PopCorn/RD.sh: Operation not permitted
sh: /Users/blake/Desktop/MVP/PopCorn/RD.sh: Operation not permitted
sh: /Users/blake/Desktop/MVP/PopCorn/RD.sh: Operation not permitted
sh: /Users/blake/Desktop/MVP/PopCorn/RD.sh: Operation not permitted
sh: /Users/blake/Desktop/MVP/PopCorn/RD.sh: Operation not permitted
sh: /Users/blake/Desktop/MVP/PopCorn/RD.sh: Operation not permitted
sh: /Users/blake/Desktop/MVP/PopCorn/RD.sh: Operation not permitted
sh: /Users/blake/Desktop/MVP/PopCorn/RD.sh: Operation not permitted
sh: /Users/blake/Desktop/MVP/PopCorn/RD.sh: Operation not permitted
sh: /Users/blake/Desktop/MVP/PopCorn/RD.sh: Operation not permitted
sh: /Users/blake/Desktop/MVP/PopCorn/RD.sh: Operation not permitted
sh: /Users/blake/Desktop/MVP/PopCorn/RD.sh: Operation not permitted
sh: /Users/blake/Desktop/MVP/PopCorn/RD.sh: Operation not permitted
sh: /Users/blake/Desktop/MVP/PopCorn/RD.sh: Operation not permitted
sh: /Users/blake/Desktop/MVP/PopCorn/RD.sh: Operation not permitted
sh: /Users/blake/Desktop/MVP/PopCorn/RD.sh: Operation not permitted
sh: /Users/blake/Desktop/MVP/PopCorn/RD.sh: Operation not permitted
sh: /Users/blake/Desktop/MVP/PopCorn/RD.sh: Operation not permitted
sh: /Users/blake/Desktop/MVP/PopCorn/RD.sh: Operation not permitted
sh: /Users/blake/Desktop/MVP/PopCorn/RD.sh: Operation not permitted
sh: /Users/blake/Desktop/MVP/PopCorn/RD.sh: Operation not permitted
sh: /Users/blake/Desktop/MVP/PopCorn/RD.sh: Operation not permitted
sh: /Users/blake/Desktop/MVP/PopCorn/RD.sh: Operation not permitted
sh: /Users/blake/Desktop/MVP/PopCorn/RD.sh: Operation not permitted
sh: /Users/blake/Desktop/MVP/PopCorn/RD.sh: Operation not permitted
sh: /Users/blake/Desktop/MVP/PopCorn/RD.sh: Operation not permitted
sh: /Users/blake/Desktop/MVP/PopCorn/RD.sh: Operation not permitted
sh: /Users/blake/Desktop/MVP/PopCorn/RD.sh: Operation not permitted
sh: /Users/blake/Desktop/MVP/PopCorn/RD.sh: Operation not permitted
sh: /Users/blake/Desktop/MVP/PopCorn/RD.sh: Operation not permitted
sh: /Users/blake/Desktop/MVP/PopCorn/RD.sh: Operation not permitted
sh: /Users/blake/Desktop/MVP/PopCorn/RD.sh: Operation not permitted
sh: /Users/blake/Desktop/MVP/PopCorn/RD.sh: Operation not permitted
sh: /Users/blake/Desktop/MVP/PopCorn/RD.sh: Operation not permitted
sh: /Users/blake/Desktop/MVP/PopCorn/RD.sh: Operation not permitted
sh: /Users/blake/Desktop/MVP/PopCorn/RD.sh: Operation not permitted
sh: /Users/blake/Desktop/MVP/PopCorn/RD.sh: Operation not permitted
sh: /Users/blake/Desktop/MVP/PopCorn/RD.sh: Operation not permitted
sh: /Users/blake/Desktop/MVP/PopCorn/RD.sh: Operation not permitted
sh: /Users/blake/Desktop/MVP/PopCorn/RD.sh: Operation not permitted
sh: /Users/blake/Desktop/MVP/PopCorn/RD.sh: Operation not permitted
sh: /Users/blake/Desktop/MVP/PopCorn/RD.sh: Operation not permitted
sh: /Users/blake/Desktop/MVP/PopCorn/RD.sh: Operation not permitted
sh: /Users/blake/Desktop/MVP/PopCorn/RD.sh: Operation not permitted
sh: /Users/blake/Desktop/MVP/PopCorn/RD.sh: Operation not permitted
sh: /Users/blake/Desktop/MVP/PopCorn/RD.sh: Operation not permitted
sh: /Users/blake/Desktop/MVP/PopCorn/RD.sh: Operation not permitted
sh: /Users/blake/Desktop/MVP/PopCorn/RD.sh: Operation not permitted
sh: /Users/blake/Desktop/MVP/PopCorn/RD.sh: Operation not permitted
sh: /Users/blake/Desktop/MVP/PopCorn/RD.sh: Operation not permitted
sh: /Users/blake/Desktop/MVP/PopCorn/RD.sh: Operation not permitted
sh: /Users/blake/Desktop/MVP/PopCorn/RD.sh: Operation not permitted
sh: /Users/blake/Desktop/MVP/PopCorn/RD.sh: Operation not permitted
sh: /Users/blake/Desktop/MVP/PopCorn/RD.sh: Operation not permitted
sh: /Users/blake/Desktop/MVP/PopCorn/RD.sh: Operation not permitted
sh: /Users/blake/Desktop/MVP/PopCorn/RD.sh: Operation not permitted
sh: /Users/blake/Desktop/MVP/PopCorn/RD.sh: Operation not permitted
sh: /Users/blake/Desktop/MVP/PopCorn/RD.sh: Operation not permitted
sh: /Users/blake/Desktop/MVP/PopCorn/RD.sh: Operation not permitted
sh: /Users/blake/Desktop/MVP/PopCorn/RD.sh: Operation not permitted
sh: /Users/blake/Desktop/MVP/PopCorn/RD.sh: Operation not permitted
sh: /Users/blake/Desktop/MVP/PopCorn/RD.sh: Operation not permitted
sh: /Users/blake/Desktop/MVP/PopCorn/RD.sh: Operation not permitted
sh: /Users/blake/Desktop/MVP/PopCorn/RD.sh: Operation not permitted
sh: /Users/blake/Desktop/MVP/PopCorn/RD.sh: Operation not permitted
sh: /Users/blake/Desktop/MVP/PopCorn/RD.sh: Operation not permitted
sh: /Users/blake/Desktop/MVP/PopCorn/RD.sh: Operation not permitted
sh: /Users/blake/Desktop/MVP/PopCorn/RD.sh: Operation not permitted
sh: /Users/blake/Desktop/MVP/PopCorn/RD.sh: Operation not permitted
sh: /Users/blake/Desktop/MVP/PopCorn/RD.sh: Operation not permitted
sh: /Users/blake/Desktop/MVP/PopCorn/RD.sh: Operation not permitted
sh: /Users/blake/Desktop/MVP/PopCorn/RD.sh: Operation not permitted
sh: /Users/blake/Desktop/MVP/PopCorn/RD.sh: Operation not permitted
sh: /Users/blake/Desktop/MVP/PopCorn/RD.sh: Operation not permitted
sh: /Users/blake/Desktop/MVP/PopCorn/RD.sh: Operation not permitted
sh: /Users/blake/Desktop/MVP/PopCorn/RD.sh: Operation not permitted
sh: /Users/blake/Desktop/MVP/PopCorn/RD.sh: Operation not permitted
sh: /Users/blake/Desktop/MVP/PopCorn/RD.sh: Operation not permitted
sh: /Users/blake/Desktop/MVP/PopCorn/RD.sh: Operation not permitted
sh: /Users/blake/Desktop/MVP/PopCorn/RD.sh: Operation not permitted
sh: /Users/blake/Desktop/MVP/PopCorn/RD.sh: Operation not permitted
sh: /Users/blake/Desktop/MVP/PopCorn/RD.sh: Operation not permitted
sh: /Users/blake/Desktop/MVP/PopCorn/RD.sh: Operation not permitted
sh: /Users/blake/Desktop/MVP/PopCorn/RD.sh: Operation not permitted
sh: /Users/blake/Desktop/MVP/PopCorn/RD.sh: Operation not permitted
sh: /Users/blake/Desktop/MVP/PopCorn/RD.sh: Operation not permitted
sh: /Users/blake/Desktop/MVP/PopCorn/RD.sh: Operation not permitted
sh: /Users/blake/Desktop/MVP/PopCorn/RD.sh: Operation not permitted
sh: /Users/blake/Desktop/MVP/PopCorn/RD.sh: Operation not permitted
sh: /Users/blake/Desktop/MVP/PopCorn/RD.sh: Operation not permitted
sh: /Users/blake/Desktop/MVP/PopCorn/RD.sh: Operation not permitted
sh: /Users/blake/Desktop/MVP/PopCorn/RD.sh: Operation not permitted
sh: /Users/blake/Desktop/MVP/PopCorn/RD.sh: Operation not permitted
sh: /Users/blake/Desktop/MVP/PopCorn/RD.sh: Operation not permitted
sh: /Users/blake/Desktop/MVP/PopCorn/RD.sh: Operation not permitted
sh: /Users/blake/Desktop/MVP/PopCorn/RD.sh: Operation not permitted
sh: /Users/blake/Desktop/MVP/PopCorn/RD.sh: Operation not permitted
sh: /Users/blake/Desktop/MVP/PopCorn/RD.sh: Operation not permitted
sh: /Users/blake/Desktop/MVP/PopCorn/RD.sh: Operation not permitted
sh: /Users/blake/Desktop/MVP/PopCorn/RD.sh: Operation not permitted
sh: /Users/blake/Desktop/MVP/PopCorn/RD.sh: Operation not permitted
sh: /Users/blake/Desktop/MVP/PopCorn/RD.sh: Operation not permitted
sh: /Users/blake/Desktop/MVP/PopCorn/RD.sh: Operation not permitted
sh: /Users/blake/Desktop/MVP/PopCorn/RD.sh: Operation not permitted
sh: /Users/blake/Desktop/MVP/PopCorn/RD.sh: Operation not permitted
sh: /Users/blake/Desktop/MVP/PopCorn/RD.sh: Operation not permitted
sh: /Users/blake/Desktop/MVP/PopCorn/RD.sh: Operation not permitted
sh: /Users/blake/Desktop/MVP/PopCorn/RD.sh: Operation not permitted
sh: /Users/blake/Desktop/MVP/PopCorn/RD.sh: Operation not permitted
sh: /Users/blake/Desktop/MVP/PopCorn/RD.sh: Operation not permitted
sh: /Users/blake/Desktop/MVP/PopCorn/RD.sh: Operation not permitted
sh: /Users/blake/Desktop/MVP/PopCorn/RD.sh: Operation not permitted
sh: /Users/blake/Desktop/MVP/PopCorn/RD.sh: Operation not permitted
sh: /Users/blake/Desktop/MVP/PopCorn/RD.sh: Operation not permitted
sh: /Users/blake/Desktop/MVP/PopCorn/RD.sh: Operation not permitted
sh: /Users/blake/Desktop/MVP/PopCorn/RD.sh: Operation not permitted
sh: /Users/blake/Desktop/MVP/PopCorn/RD.sh: Operation not permitted
sh: /Users/blake/Desktop/MVP/PopCorn/RD.sh: Operation not permitted
sh: /Users/blake/Desktop/MVP/PopCorn/RD.sh: Operation not permitted
sh: /Users/blake/Desktop/MVP/PopCorn/RD.sh: Operation not permitted
sh: /Users/blake/Desktop/MVP/PopCorn/RD.sh: Operation not permitted
sh: /Users/blake/Desktop/MVP/PopCorn/RD.sh: Operation not permitted
sh: /Users/blake/Desktop/MVP/PopCorn/RD.sh: Operation not permitted
sh: /Users/blake/Desktop/MVP/PopCorn/RD.sh: Operation not permitted
sh: /Users/blake/Desktop/MVP/PopCorn/RD.sh: Operation not permitted
sh: /Users/blake/Desktop/MVP/PopCorn/RD.sh: Operation not permitted
sh: /Users/blake/Desktop/MVP/PopCorn/RD.sh: Operation not permitted
sh: /Users/blake/Desktop/MVP/PopCorn/RD.sh: Operation not permitted
sh: /Users/blake/Desktop/MVP/PopCorn/RD.sh: Operation not permitted
sh: /Users/blake/Desktop/MVP/PopCorn/RD.sh: Operation not permitted
sh: /Users/blake/Desktop/MVP/PopCorn/RD.sh: Operation not permitted
sh: /Users/blake/Desktop/MVP/PopCorn/RD.sh: Operation not permitted
sh: /Users/blake/Desktop/MVP/PopCorn/RD.sh: Operation not permitted
sh: /Users/blake/Desktop/MVP/PopCorn/RD.sh: Operation not permitted
sh: /Users/blake/Desktop/MVP/PopCorn/RD.sh: Operation not permitted
sh: /Users/blake/Desktop/MVP/PopCorn/RD.sh: Operation not permitted
sh: /Users/blake/Desktop/MVP/PopCorn/RD.sh: Operation not permitted
sh: /Users/blake/Desktop/MVP/PopCorn/RD.sh: Operation not permitted
sh: /Users/blake/Desktop/MVP/PopCorn/RD.sh: Operation not permitted
sh: /Users/blake/Desktop/MVP/PopCorn/RD.sh: Operation not permitted
sh: /Users/blake/Desktop/MVP/PopCorn/RD.sh: Operation not permitted
sh: /Users/blake/Desktop/MVP/PopCorn/RD.sh: Operation not permitted
sh: /Users/blake/Desktop/MVP/PopCorn/RD.sh: Operation not permitted
sh: /Users/blake/Desktop/MVP/PopCorn/RD.sh: Operation not permitted
sh: /Users/blake/Desktop/MVP/PopCorn/RD.sh: Operation not permitted
sh: /Users/blake/Desktop/MVP/PopCorn/RD.sh: Operation not permitted
sh: /Users/blake/Desktop/MVP/PopCorn/RD.sh: Operation not permitted
sh: /Users/blake/Desktop/MVP/PopCorn/RD.sh: Operation not permitted
sh: /Users/blake/Desktop/MVP/PopCorn/RD.sh: Operation not permitted
sh: /Users/blake/Desktop/MVP/PopCorn/RD.sh: Operation not permitted
sh: /Users/blake/Desktop/MVP/PopCorn/RD.sh: Operation not permitted
sh: /Users/blake/Desktop/MVP/PopCorn/RD.sh: Operation not permitted
sh: /Users/blake/Desktop/MVP/PopCorn/RD.sh: Operation not permitted
sh: /Users/blake/Desktop/MVP/PopCorn/RD.sh: Operation not permitted
sh: /Users/blake/Desktop/MVP/PopCorn/RD.sh: Operation not permitted
sh: /Users/blake/Desktop/MVP/PopCorn/RD.sh: Operation not permitted
sh: /Users/blake/Desktop/MVP/PopCorn/RD.sh: Operation not permitted
sh: /Users/blake/Desktop/MVP/PopCorn/RD.sh: Operation not permitted
sh: /Users/blake/Desktop/MVP/PopCorn/RD.sh: Operation not permitted
sh: /Users/blake/Desktop/MVP/PopCorn/RD.sh: Operation not permitted
sh: /Users/blake/Desktop/MVP/PopCorn/RD.sh: Operation not permitted
sh: /Users/blake/Desktop/MVP/PopCorn/RD.sh: Operation not permitted
sh: /Users/blake/Desktop/MVP/PopCorn/RD.sh: Operation not permitted
sh: /Users/blake/Desktop/MVP/PopCorn/RD.sh: Operation not permitted
sh: /Users/blake/Desktop/MVP/PopCorn/RD.sh: Operation not permitted
sh: /Users/blake/Desktop/MVP/PopCorn/RD.sh: Operation not permitted
sh: /Users/blake/Desktop/MVP/PopCorn/RD.sh: Operation not permitted
sh: /Users/blake/Desktop/MVP/PopCorn/RD.sh: Operation not permitted
sh: /Users/blake/Desktop/MVP/PopCorn/RD.sh: Operation not permitted
sh: /Users/blake/Desktop/MVP/PopCorn/RD.sh: Operation not permitted
sh: /Users/blake/Desktop/MVP/PopCorn/RD.sh: Operation not permitted
sh: /Users/blake/Desktop/MVP/PopCorn/RD.sh: Operation not permitted
sh: /Users/blake/Desktop/MVP/PopCorn/RD.sh: Operation not permitted
sh: /Users/blake/Desktop/MVP/PopCorn/RD.sh: Operation not permitted
sh: /Users/blake/Desktop/MVP/PopCorn/RD.sh: Operation not permitted
sh: /Users/blake/Desktop/MVP/PopCorn/RD.sh: Operation not permitted
sh: /Users/blake/Desktop/MVP/PopCorn/RD.sh: Operation not permitted
sh: /Users/blake/Desktop/MVP/PopCorn/RD.sh: Operation not permitted
sh: /Users/blake/Desktop/MVP/PopCorn/RD.sh: Operation not permitted
sh: /Users/blake/Desktop/MVP/PopCorn/RD.sh: Operation not permitted
sh: /Users/blake/Desktop/MVP/PopCorn/RD.sh: Operation not permitted
sh: /Users/blake/Desktop/MVP/PopCorn/RD.sh: Operation not permitted
sh: /Users/blake/Desktop/MVP/PopCorn/RD.sh: Operation not permitted
sh: /Users/blake/Desktop/MVP/PopCorn/RD.sh: Operation not permitted
sh: /Users/blake/Desktop/MVP/PopCorn/RD.sh: Operation not permitted
sh: /Users/blake/Desktop/MVP/PopCorn/RD.sh: Operation not permitted
sh: /Users/blake/Desktop/MVP/PopCorn/RD.sh: Operation not permitted
sh: /Users/blake/Desktop/MVP/PopCorn/RD.sh: Operation not permitted
sh: /Users/blake/Desktop/MVP/PopCorn/RD.sh: Operation not permitted
sh: /Users/blake/Desktop/MVP/PopCorn/RD.sh: Operation not permitted
sh: /Users/blake/Desktop/MVP/PopCorn/RD.sh: Operation not permitted
sh: /Users/blake/Desktop/MVP/PopCorn/RD.sh: Operation not permitted
sh: /Users/blake/Desktop/MVP/PopCorn/RD.sh: Operation not permitted
sh: /Users/blake/Desktop/MVP/PopCorn/RD.sh: Operation not permitted
sh: /Users/blake/Desktop/MVP/PopCorn/RD.sh: Operation not permitted
sh: /Users/blake/Desktop/MVP/PopCorn/RD.sh: Operation not permitted
sh: /Users/blake/Desktop/MVP/PopCorn/RD.sh: Operation not permitted
sh: /Users/blake/Desktop/MVP/PopCorn/RD.sh: Operation not permitted
sh: /Users/blake/Desktop/MVP/PopCorn/RD.sh: Operation not permitted
sh: /Users/blake/Desktop/MVP/PopCorn/RD.sh: Operation not permitted
sh: /Users/blake/Desktop/MVP/PopCorn/RD.sh: Operation not permitted
sh: /Users/blake/Desktop/MVP/PopCorn/RD.sh: Operation not permitted
sh: /Users/blake/Desktop/MVP/PopCorn/RD.sh: Operation not permitted
sh: ./Users/blake/Desktop/MVP/PopCorn/RD.sh: Operation not permitted
sh: ./Users/blake/Desktop/MVP/PopCorn/RD.sh: Operation not permitted
sh: ./Users/blake/Desktop/MVP/PopCorn/RD.sh: Operation not permitted
sh: ./Users/blake/Desktop/MVP/PopCorn/RD.sh: Operation not permitted
sh: ./Users/blake/Desktop/MVP/PopCorn/RD.sh: Operation not permitted
sh: ./Users/blake/Desktop/MVP/PopCorn/RD.sh: Operation not permitted
sh: ./Users/blake/Desktop/MVP/PopCorn/RD.sh: Operation not permitted
sh: ./Users/blake/Desktop/MVP/PopCorn/RD.sh: Operation not permitted
sh: ./Users/blake/Desktop/MVP/PopCorn/RD.sh: Operation not permitted
sh: ./Users/blake/Desktop/MVP/PopCorn/RD.sh: Operation not permitted
sh: ./Users/blake/Desktop/MVP/PopCorn/RD.sh: Operation not permitted
sh: ./Users/blake/Desktop/MVP/PopCorn/RD.sh: Operation not permitted
sh: ./Users/blake/Desktop/MVP/PopCorn/RD.sh: Operation not permitted
sh: ./Users/blake/Desktop/MVP/PopCorn/RD.sh: Operation not permitted
sh: ./Users/blake/Desktop/MVP/PopCorn/RD.sh: Operation not permitted
sh: ./Users/blake/Desktop/MVP/PopCorn/RD.sh: Operation not permitted
sh: ./Users/blake/Desktop/MVP/PopCorn/RD.sh: Operation not permitted
sudo: a terminal is required to read the password; either use the -S option to read from standard input or configure an askpass helper
sudo: a password is required
/bin/sh: /Users/blake/Desktop/MVP/PopCorn/RD.sh: Operation not permitted
/bin/sh: /Users/blake/Desktop/MVP/PopCorn/RD.sh: Operation not permitted
/bin/sh: /Users/blake/Desktop/MVP/PopCorn/RD.sh: Operation not permitted
/bin/sh: /Users/blake/Desktop/MVP/PopCorn/RD.sh: Operation not permitted
/bin/sh: /Users/blake/Desktop/MVP/PopCorn/RD.sh: Operation not permitted
/bin/sh: /Users/blake/Desktop/MVP/PopCorn/RD.sh: Operation not permitted
/bin/sh: /Users/blake/Desktop/MVP/PopCorn/RD.sh: Operation not permitted
/bin/sh: /Users/blake/Desktop/MVP/PopCorn/RD.sh: Operation not permitted
/bin/sh: /Users/blake/Desktop/MVP/PopCorn/RD.sh: Operation not permitted
/bin/sh: /Users/blake/Desktop/MVP/PopCorn/RD.sh: Operation not permitted
/bin/sh: /Users/blake/Desktop/MVP/PopCorn/RD.sh: Operation not permitted
/bin/sh: /Users/blake/Desktop/MVP/PopCorn/RD.sh: Operation not permitted
/bin/sh: /Users/blake/Desktop/MVP/PopCorn/RD.sh: Operation not permitted
/bin/sh: /Users/blake/Desktop/MVP/PopCorn/RD.sh: Operation not permitted
/bin/sh: /Users/blake/Desktop/MVP/PopCorn/RD.sh: Operation not permitted
/bin/sh: /Users/blake/Desktop/MVP/PopCorn/RD.sh: Operation not permitted
/bin/sh: /Users/blake/Desktop/MVP/PopCorn/RD.sh: Operation not permitted
/bin/sh: /Users/blake/Desktop/MVP/PopCorn/RD.sh: Operation not permitted
/bin/sh: /Users/blake/Desktop/MVP/PopCorn/RD.sh: Operation not permitted
/bin/sh: /Users/blake/Desktop/MVP/PopCorn/RD.sh: Operation not permitted
/bin/sh: /Users/blake/Desktop/MVP/PopCorn/RD.sh: Operation not permitted
/bin/sh: /Users/blake/Desktop/MVP/PopCorn/RD.sh: Operation not permitted
/bin/sh: /Users/blake/Desktop/MVP/PopCorn/RD.sh: Operation not permitted
/bin/sh: /Users/blake/Desktop/MVP/PopCorn/RD.sh: Operation not permitted
/bin/sh: /Users/blake/Desktop/MVP/PopCorn/RD.sh: Operation not permitted
/bin/sh: /Users/blake/Desktop/MVP/PopCorn/RD.sh: Operation not permitted
/bin/sh: /Users/blake/Desktop/MVP/PopCorn/RD.sh: Operation not permitted
/bin/sh: /Users/blake/Desktop/MVP/PopCorn/RD.sh: Operation not permitted
/bin/sh: /Users/blake/Desktop/MVP/PopCorn/RD.sh: Operation not permitted
/bin/sh: /Users/blake/Desktop/MVP/PopCorn/RD.sh: Operation not permitted
/bin/sh: /Users/blake/Desktop/MVP/PopCorn/RD.sh: Operation not permitted
/bin/sh: /Users/blake/Desktop/MVP/PopCorn/RD.sh: Operation not permitted
/bin/sh: /Users/blake/Desktop/MVP/PopCorn/RD.sh: Operation not permitted
/bin/sh: /Users/blake/Desktop/MVP/PopCorn/RD.sh: Operation not permitted
/bin/sh: /Users/blake/Desktop/MVP/PopCorn/RD.sh: Operation not permitted
/bin/sh: /Users/blake/Desktop/MVP/PopCorn/RD.sh: Operation not permitted
/bin/sh: /Users/blake/Desktop/MVP/PopCorn/RD.sh: Operation not permitted
/bin/sh: /Users/blake/Desktop/MVP/PopCorn/RD.sh: Operation not permitted
/bin/sh: /Users/blake/Desktop/MVP/PopCorn/RD.sh: Operation not permitted
/bin/sh: /Users/blake/Desktop/MVP/PopCorn/RD.sh: Operation not permitted
/bin/sh: /Users/blake/Desktop/MVP/PopCorn/RD.sh: Operation not permitted
/bin/sh: /Users/blake/Desktop/MVP/PopCorn/RD.sh: Operation not permitted
/bin/sh: /Users/blake/Desktop/MVP/PopCorn/RD.sh: Operation not permitted
/bin/sh: /Users/blake/Desktop/MVP/PopCorn/RD.sh: Operation not permitted
/bin/sh: /Users/blake/Desktop/MVP/PopCorn/RD.sh: Operation not permitted
/bin/sh: /Users/blake/Desktop/MVP/PopCorn/RD.sh: Operation not permitted
/bin/sh: /Users/blake/Desktop/MVP/PopCorn/RD.sh: Operation not permitted
/bin/sh: /Users/blake/Desktop/MVP/PopCorn/RD.sh: Operation not permitted
/bin/sh: /Users/blake/Desktop/MVP/PopCorn/RD.sh: Operation not permitted
/bin/sh: /Users/blake/Desktop/MVP/PopCorn/RD.sh: Operation not permitted
/bin/sh: /Users/blake/Desktop/MVP/PopCorn/RD.sh: Operation not permitted
/bin/sh: /Users/blake/Desktop/MVP/PopCorn/RD.sh: Operation not permitted
/bin/sh: /Users/blake/Desktop/MVP/PopCorn/RD.sh: Operation not permitted
/bin/sh: /Users/blake/Desktop/MVP/PopCorn/RD.sh: Operation not permitted
/bin/sh: /Users/blake/Desktop/MVP/PopCorn/RD.sh: Operation not permitted
/bin/sh: /Users/blake/Desktop/MVP/PopCorn/RD.sh: Operation not permitted
/bin/sh: /Users/blake/Desktop/MVP/PopCorn/RD.sh: Operation not permitted
/bin/sh: /Users/blake/Desktop/MVP/PopCorn/RD.sh: Operation not permitted
/bin/sh: /Users/blake/Desktop/MVP/PopCorn/RD.sh: Operation not permitted
/bin/sh: /Users/blake/Desktop/MVP/PopCorn/RD.sh: Operation not permitted
/bin/sh: /Users/blake/Desktop/MVP/PopCorn/RD.sh: Operation not permitted
/bin/sh: /Users/blake/Desktop/MVP/PopCorn/RD.sh: Operation not permitted
/bin/sh: /Users/blake/Desktop/MVP/PopCorn/RD.sh: Operation not permitted
/bin/sh: /Users/blake/Desktop/MVP/PopCorn/RD.sh: Operation not permitted
/bin/sh: /Users/blake/Desktop/MVP/PopCorn/RD.sh: Operation not permitted
/bin/bash: /Users/blake/Desktop/MVP/PopCorn/RD.sh: Operation not permitted
/bin/bash: /Users/blake/Desktop/MVP/PopCorn/RD.sh: Operation not permitted
/bin/bash: /Users/blake/Desktop/MVP/PopCorn/RD.sh: Operation not permitted
/bin/bash: /Users/blake/Desktop/MVP/PopCorn/RD.sh: Operation not permitted
/bin/bash: /Users/blake/Desktop/MVP/PopCorn/RD.sh: Operation not permitted
/bin/bash: /Users/blake/Desktop/MVP/PopCorn/RD.sh: Operation not permitted
/bin/bash: /Users/blake/Desktop/MVP/PopCorn/RD.sh: Operation not permitted
/bin/bash: /Users/blake/Desktop/MVP/PopCorn/RD.sh: Operation not permitted
/bin/bash: /Users/blake/Desktop/MVP/PopCorn/RD.sh: Operation not permitted
/bin/bash: /Users/blake/Desktop/MVP/PopCorn/RD.sh: Operation not permitted
/bin/bash: /Users/blake/Desktop/MVP/PopCorn/RD.sh: Operation not permitted
